TN:
SF:src/p7/classFIFO.ts
FN:6,(anonymous_0)
FN:10,(anonymous_1)
FN:14,(anonymous_2)
FN:18,(anonymous_3)
FN:26,(anonymous_4)
FN:52,(anonymous_5)
FNF:6
FNH:6
FNDA:3,(anonymous_0)
FNDA:3,(anonymous_1)
FNDA:4,(anonymous_2)
FNDA:2,(anonymous_3)
FNDA:4,(anonymous_4)
FNDA:1,(anonymous_5)
DA:3,1
DA:7,3
DA:11,3
DA:15,4
DA:19,2
DA:20,1
DA:22,1
DA:27,4
DA:28,4
DA:29,4
DA:31,4
DA:32,3
DA:33,6
DA:35,6
DA:36,3
DA:39,6
DA:40,3
DA:43,6
DA:44,3
DA:49,4
DA:53,1
LF:21
LH:21
BRDA:19,0,0,1
BRDA:19,0,1,1
BRDA:31,1,0,3
BRDA:31,1,1,1
BRDA:35,2,0,3
BRDA:35,2,1,3
BRDA:39,3,0,3
BRDA:39,3,1,3
BRDA:43,4,0,3
BRDA:43,4,1,3
BRF:10
BRH:10
end_of_record
