TN:
SF:src/p7/classFIFO.ts
FN:6,(anonymous_0)
FN:10,(anonymous_1)
FN:14,(anonymous_2)
FN:18,(anonymous_3)
FN:26,(anonymous_4)
FNF:5
FNH:5
FNDA:3,(anonymous_0)
FNDA:2,(anonymous_1)
FNDA:4,(anonymous_2)
FNDA:2,(anonymous_3)
FNDA:3,(anonymous_4)
DA:3,1
DA:7,3
DA:11,2
DA:15,4
DA:19,2
DA:20,1
DA:22,1
DA:27,3
DA:28,3
DA:29,3
DA:31,3
DA:32,2
DA:33,4
DA:35,4
DA:36,2
DA:39,4
DA:40,2
DA:43,4
DA:44,2
DA:49,3
LF:20
LH:20
BRDA:19,0,0,1
BRDA:19,0,1,1
BRDA:31,1,0,2
BRDA:31,1,1,1
BRDA:35,2,0,2
BRDA:35,2,1,2
BRDA:39,3,0,2
BRDA:39,3,1,2
BRDA:43,4,0,2
BRDA:43,4,1,2
BRF:10
BRH:10
end_of_record
